2023-09-14 20:53:17,354 - Logger - INFO - Бочонок номер 2 вытащен
2023-09-14 20:53:17,355 - Logger - INFO - Текущий лог вытащенных бочонков: [2]
2023-09-14 20:53:17,355 - Logger - INFO - Бочонок номер 3 вытащен
2023-09-14 20:53:17,355 - Logger - INFO - Текущий лог вытащенных бочонков: [2, 3]
2023-09-14 20:53:17,355 - Logger - INFO - Бочонок номер 1 вытащен
2023-09-14 20:53:17,355 - Logger - INFO - Текущий лог вытащенных бочонков: [2, 3, 1]
2023-09-14 20:53:17,355 - Logger - INFO - Бочонок номер 5 вытащен
2023-09-14 20:53:17,355 - Logger - INFO - Текущий лог вытащенных бочонков: [2, 3, 1, 5]
2023-09-14 20:53:17,362 - Logger - INFO - Бочонок номер 4 вытащен
2023-09-14 20:53:17,362 - Logger - INFO - Текущий лог вытащенных бочонков: [2, 3, 1, 5, 4]
2023-09-14 20:53:50,918 - Logger - INFO - Бочонок номер 3 вытащен
2023-09-14 20:53:50,919 - Logger - INFO - Текущий лог вытащенных бочонков: [3]
2023-09-14 20:53:50,919 - Logger - INFO - Бочонок номер 1 вытащен
2023-09-14 20:53:50,919 - Logger - INFO - Текущий лог вытащенных бочонков: [3, 1]
2023-09-14 20:53:50,919 - Logger - INFO - Бочонок номер 4 вытащен
2023-09-14 20:53:50,919 - Logger - INFO - Текущий лог вытащенных бочонков: [3, 1, 4]
2023-09-14 20:53:50,919 - Logger - INFO - Бочонок номер 5 вытащен
2023-09-14 20:53:50,919 - Logger - INFO - Текущий лог вытащенных бочонков: [3, 1, 4, 5]
2023-09-14 20:53:50,919 - Logger - INFO - Бочонок номер 7 вытащен
2023-09-14 20:53:50,919 - Logger - INFO - Текущий лог вытащенных бочонков: [3, 1, 4, 5, 7]
2023-09-14 20:53:50,919 - Logger - INFO - Бочонок номер 6 вытащен
2023-09-14 20:53:50,919 - Logger - INFO - Текущий лог вытащенных бочонков: [3, 1, 4, 5, 7, 6]
2023-09-14 20:53:50,920 - Logger - INFO - Бочонок номер 2 вытащен
2023-09-14 20:53:50,920 - Logger - INFO - Текущий лог вытащенных бочонков: [3, 1, 4, 5, 7, 6, 2]
2023-09-14 20:54:16,708 - Logger - INFO - Бочонок номер 3 вытащен
2023-09-14 20:54:16,709 - Logger - INFO - Текущий лог вытащенных бочонков: [3]
2023-09-14 20:54:16,709 - Logger - INFO - Бочонок номер 9 вытащен
2023-09-14 20:54:16,709 - Logger - INFO - Текущий лог вытащенных бочонков: [3, 9]
2023-09-14 20:54:16,709 - Logger - INFO - Бочонок номер 12 вытащен
2023-09-14 20:54:16,709 - Logger - INFO - Текущий лог вытащенных бочонков: [3, 9, 12]
2023-09-14 20:54:16,709 - Logger - INFO - Бочонок номер 4 вытащен
2023-09-14 20:54:16,709 - Logger - INFO - Текущий лог вытащенных бочонков: [3, 9, 12, 4]
2023-09-14 20:54:16,709 - Logger - INFO - Бочонок номер 2 вытащен
2023-09-14 20:54:16,709 - Logger - INFO - Текущий лог вытащенных бочонков: [3, 9, 12, 4, 2]
2023-09-14 20:54:16,709 - Logger - INFO - Бочонок номер 5 вытащен
2023-09-14 20:54:16,709 - Logger - INFO - Текущий лог вытащенных бочонков: [3, 9, 12, 4, 2, 5]
2023-09-14 20:54:16,709 - Logger - INFO - Бочонок номер 13 вытащен
2023-09-14 20:54:16,710 - Logger - INFO - Текущий лог вытащенных бочонков: [3, 9, 12, 4, 2, 5, 13]
2023-09-14 20:54:16,710 - Logger - INFO - Бочонок номер 1 вытащен
2023-09-14 20:54:16,710 - Logger - INFO - Текущий лог вытащенных бочонков: [3, 9, 12, 4, 2, 5, 13, 1]
2023-09-14 20:54:16,710 - Logger - INFO - Бочонок номер 8 вытащен
2023-09-14 20:54:16,710 - Logger - INFO - Текущий лог вытащенных бочонков: [3, 9, 12, 4, 2, 5, 13, 1, 8]
2023-09-14 20:54:16,710 - Logger - INFO - Бочонок номер 6 вытащен
2023-09-14 20:54:16,710 - Logger - INFO - Текущий лог вытащенных бочонков: [3, 9, 12, 4, 2, 5, 13, 1, 8, 6]
2023-09-14 20:54:16,710 - Logger - INFO - Бочонок номер 10 вытащен
2023-09-14 20:54:16,710 - Logger - INFO - Текущий лог вытащенных бочонков: [3, 9, 12, 4, 2, 5, 13, 1, 8, 6, 10]
2023-09-14 20:54:16,710 - Logger - INFO - Бочонок номер 7 вытащен
2023-09-14 20:54:16,711 - Logger - INFO - Текущий лог вытащенных бочонков: [3, 9, 12, 4, 2, 5, 13, 1, 8, 6, 10, 7]
2023-09-14 20:54:16,711 - Logger - INFO - Бочонок номер 11 вытащен
2023-09-14 20:54:16,711 - Logger - INFO - Текущий лог вытащенных бочонков: [3, 9, 12, 4, 2, 5, 13, 1, 8, 6, 10, 7, 11]
2023-09-14 20:54:35,069 - Logger - INFO - Бочонок номер 19 вытащен
2023-09-14 20:54:35,069 - Logger - INFO - Текущий лог вытащенных бочонков: [19]
2023-09-14 20:54:35,069 - Logger - INFO - Бочонок номер 18 вытащен
2023-09-14 20:54:35,070 - Logger - INFO - Текущий лог вытащенных бочонков: [19, 18]
2023-09-14 20:54:35,070 - Logger - INFO - Бочонок номер 25 вытащен
2023-09-14 20:54:35,070 - Logger - INFO - Текущий лог вытащенных бочонков: [19, 18, 25]
2023-09-14 20:54:35,070 - Logger - INFO - Бочонок номер 3 вытащен
2023-09-14 20:54:35,070 - Logger - INFO - Текущий лог вытащенных бочонков: [19, 18, 25, 3]
2023-09-14 20:54:35,070 - Logger - INFO - Бочонок номер 15 вытащен
2023-09-14 20:54:35,070 - Logger - INFO - Текущий лог вытащенных бочонков: [19, 18, 25, 3, 15]
2023-09-14 20:54:35,070 - Logger - INFO - Бочонок номер 5 вытащен
2023-09-14 20:54:35,070 - Logger - INFO - Текущий лог вытащенных бочонков: [19, 18, 25, 3, 15, 5]
2023-09-14 20:54:35,070 - Logger - INFO - Бочонок номер 20 вытащен
2023-09-14 20:54:35,070 - Logger - INFO - Текущий лог вытащенных бочонков: [19, 18, 25, 3, 15, 5, 20]
2023-09-14 20:54:35,070 - Logger - INFO - Бочонок номер 8 вытащен
2023-09-14 20:54:35,071 - Logger - INFO - Текущий лог вытащенных бочонков: [19, 18, 25, 3, 15, 5, 20, 8]
2023-09-14 20:54:35,071 - Logger - INFO - Бочонок номер 10 вытащен
2023-09-14 20:54:35,071 - Logger - INFO - Текущий лог вытащенных бочонков: [19, 18, 25, 3, 15, 5, 20, 8, 10]
2023-09-14 20:54:35,071 - Logger - INFO - Бочонок номер 23 вытащен
2023-09-14 20:54:35,071 - Logger - INFO - Текущий лог вытащенных бочонков: [19, 18, 25, 3, 15, 5, 20, 8, 10, 23]
2023-09-14 20:54:35,071 - Logger - INFO - Бочонок номер 1 вытащен
2023-09-14 20:54:35,071 - Logger - INFO - Текущий лог вытащенных бочонков: [19, 18, 25, 3, 15, 5, 20, 8, 10, 23, 1]
2023-09-14 20:54:35,071 - Logger - INFO - Бочонок номер 12 вытащен
2023-09-14 20:54:35,071 - Logger - INFO - Текущий лог вытащенных бочонков: [19, 18, 25, 3, 15, 5, 20, 8, 10, 23, 1, 12]
2023-09-14 20:54:35,071 - Logger - INFO - Бочонок номер 7 вытащен
2023-09-14 20:54:35,071 - Logger - INFO - Текущий лог вытащенных бочонков: [19, 18, 25, 3, 15, 5, 20, 8, 10, 23, 1, 12, 7]
2023-09-14 20:54:35,071 - Logger - INFO - Бочонок номер 2 вытащен
2023-09-14 20:54:35,071 - Logger - INFO - Текущий лог вытащенных бочонков: [19, 18, 25, 3, 15, 5, 20, 8, 10, 23, 1, 12, 7, 2]
2023-09-14 20:54:35,072 - Logger - INFO - Бочонок номер 11 вытащен
2023-09-14 20:54:35,072 - Logger - INFO - Текущий лог вытащенных бочонков: [19, 18, 25, 3, 15, 5, 20, 8, 10, 23, 1, 12, 7, 2, 11]
2023-09-14 20:54:35,072 - Logger - INFO - Бочонок номер 6 вытащен
2023-09-14 20:54:35,072 - Logger - INFO - Текущий лог вытащенных бочонков: [19, 18, 25, 3, 15, 5, 20, 8, 10, 23, 1, 12, 7, 2, 11, 6]
2023-09-14 20:54:35,072 - Logger - INFO - Бочонок номер 21 вытащен
2023-09-14 20:54:35,072 - Logger - INFO - Текущий лог вытащенных бочонков: [19, 18, 25, 3, 15, 5, 20, 8, 10, 23, 1, 12, 7, 2, 11, 6, 21]
2023-09-14 20:54:35,072 - Logger - INFO - Бочонок номер 14 вытащен
2023-09-14 20:54:35,072 - Logger - INFO - Текущий лог вытащенных бочонков: [19, 18, 25, 3, 15, 5, 20, 8, 10, 23, 1, 12, 7, 2, 11, 6, 21, 14]
2023-09-14 20:54:35,072 - Logger - INFO - Бочонок номер 9 вытащен
2023-09-14 20:54:35,072 - Logger - INFO - Текущий лог вытащенных бочонков: [19, 18, 25, 3, 15, 5, 20, 8, 10, 23, 1, 12, 7, 2, 11, 6, 21, 14, 9]
2023-09-14 20:54:35,072 - Logger - INFO - Бочонок номер 17 вытащен
2023-09-14 20:54:35,072 - Logger - INFO - Текущий лог вытащенных бочонков: [19, 18, 25, 3, 15, 5, 20, 8, 10, 23, 1, 12, 7, 2, 11, 6, 21, 14, 9, 17]
2023-09-14 20:54:35,073 - Logger - INFO - Бочонок номер 4 вытащен
2023-09-14 20:54:35,073 - Logger - INFO - Текущий лог вытащенных бочонков: [19, 18, 25, 3, 15, 5, 20, 8, 10, 23, 1, 12, 7, 2, 11, 6, 21, 14, 9, 17, 4]
2023-09-14 20:54:35,073 - Logger - INFO - Бочонок номер 13 вытащен
2023-09-14 20:54:35,073 - Logger - INFO - Текущий лог вытащенных бочонков: [19, 18, 25, 3, 15, 5, 20, 8, 10, 23, 1, 12, 7, 2, 11, 6, 21, 14, 9, 17, 4, 13]
2023-09-14 20:54:35,073 - Logger - INFO - Бочонок номер 24 вытащен
2023-09-14 20:54:35,073 - Logger - INFO - Текущий лог вытащенных бочонков: [19, 18, 25, 3, 15, 5, 20, 8, 10, 23, 1, 12, 7, 2, 11, 6, 21, 14, 9, 17, 4, 13, 24]
2023-09-14 20:54:35,073 - Logger - INFO - Бочонок номер 16 вытащен
2023-09-14 20:54:35,073 - Logger - INFO - Текущий лог вытащенных бочонков: [19, 18, 25, 3, 15, 5, 20, 8, 10, 23, 1, 12, 7, 2, 11, 6, 21, 14, 9, 17, 4, 13, 24, 16]
2023-09-14 20:54:35,073 - Logger - INFO - Бочонок номер 22 вытащен
2023-09-14 20:54:35,073 - Logger - INFO - Текущий лог вытащенных бочонков: [19, 18, 25, 3, 15, 5, 20, 8, 10, 23, 1, 12, 7, 2, 11, 6, 21, 14, 9, 17, 4, 13, 24, 16, 22]
